Removed Pin From Net: NetName=NetC1_1 Pin=C3-1
Removed Pin From Net: NetName=GND Pin=C3-2
Removed Pin From Net: NetName=5V Pin=C4-1
Removed Pin From Net: NetName=GND Pin=C4-2
Removed Pin From Net: NetName=GND Pin=CR1-1
Removed Pin From Net: NetName=GND Pin=TerminalBlock1-2
Removed Pin From Net: NetName=NetC1_1 Pin=U2-1
Removed Member From Class: ClassName=Esquematico Member=C4
Change Component Footprint: Designator=C2 Old Footprint=CAPPRD200W50D500HXXX-V New Footprint=RB7.6-15
Change Component Designator: OldDesignator=C1 NewDesignator=C2
Change Component Designator: OldDesignator=C2 NewDesignator=C3
Added Component: Designator=C1(RB7.6-15)
Add component. Clean all parameters for all variants
Add component (AddParameter): Name = "LatestRevisionDate"; Value = "17-Jul-2002"; VariantName = "[No Variations]"
Add component (AddParameter): Name = "LatestRevisionNote"; Value = "Re-released for DXP Platform."; VariantName = "[No Variations]"
Add component (AddParameter): Name = "PackageDescription"; Value = "Polarized Capacitor (Radial); 2 Leads"; VariantName = "[No Variations]"
Add component (AddParameter): Name = "PackageReference"; Value = "RB7.6-15"; VariantName = "[No Variations]"
Add component (AddParameter): Name = "Published"; Value = "8-Jun-2000"; VariantName = "[No Variations]"
Add component (AddParameter): Name = "Publisher"; Value = "Altium Limited"; VariantName = "[No Variations]"
Add component (AddParameter): Name = "Value"; Value = "0.1uF"; VariantName = "[No Variations]"
Added Pin To Net: NetName=5V Pin=C1-1
Added Pin To Net: NetName=GND Pin=C1-2
Added Pin To Net: NetName=12V Pin=U2-1
Change Net Name : Old Net Name=NetC1_1 New Net Name=NetC2_1
Added Pin To Net: NetName=NetCR1_1 Pin=CR1-1
Added Pin To Net: NetName=NetCR1_1 Pin=TerminalBlock1-2
Added Net: Name=NetCR1_1
