Removed Pin From Net: NetName=12V Pin=U2-1
Change Component Footprint: Designator=C1 Old Footprint=RB7.6-15 New Footprint=CAPPRD200W50D500HXXX-V
Change Component Footprint: Designator=C3 Old Footprint=RB7.6-15 New Footprint=CAPPRD200W50D500HXXX-V
Change Component Designator: OldDesignator=C1 NewDesignator=C4
Change Component Designator: OldDesignator=C2 NewDesignator=C1
Change Component Designator: OldDesignator=C3 NewDesignator=C2
Added Component: Designator=C3(CAPPRD500W60D1250HXXX-V)
Add component. Clean all parameters for all variants
Add component (AddParameter): Name = "LatestRevisionDate"; Value = "17-Jul-2002"; VariantName = "[No Variations]"
Add component (AddParameter): Name = "LatestRevisionNote"; Value = "Re-released for DXP Platform."; VariantName = "[No Variations]"
Add component (AddParameter): Name = "PackageDescription"; Value = "Polarized Capacitor (Radial); 2 Leads"; VariantName = "[No Variations]"
Add component (AddParameter): Name = "PackageReference"; Value = "RB7.6-15"; VariantName = "[No Variations]"
Add component (AddParameter): Name = "Published"; Value = "8-Jun-2000"; VariantName = "[No Variations]"
Add component (AddParameter): Name = "Publisher"; Value = "Altium Limited"; VariantName = "[No Variations]"
Add component (AddParameter): Name = "Value"; Value = "2200uF"; VariantName = "[No Variations]"
Added Pin To Net: NetName=NetC2_1 Pin=C3-1
Added Pin To Net: NetName=GND Pin=C3-2
Added Pin To Net: NetName=GND Pin=P1-3
Added Pin To Net: NetName=NetC2_1 Pin=U2-1
Change Net Name : Old Net Name=NetC2_1 New Net Name=NetC1_1
Added Member To Class: ClassName=Esquematico Member=Component C3 Cap Pol1
Added Member To Class: ClassName=Esquematico Member=Component C4 Cap Pol1
